[13Jan2022 10:39:35.652] [main/INFO] [cpw.mods.modlauncher.Launcher/MODLAUNCHER]: ModLauncher running: args [--launchTarget, forgeclientuserdev, --version, MOD_DEV, --assetIndex, 1.18, --assetsDir, C:\Users\admin\.gradle\caches\forge_gradle\assets, --gameDir, ., --fml.forgeVersion, 39.0.19, --fml.mcVersion, 1.18.1, --fml.forgeGroup, net.minecraftforge, --fml.mcpVersion, 20211210.034407]
[13Jan2022 10:39:35.655] [main/INFO] [cpw.mods.modlauncher.Launcher/MODLAUNCHER]: ModLauncher 9.0.21+9.0.21+main.6bb4b073 starting: java version 17.0.1 by Eclipse Adoptium
[13Jan2022 10:39:35.735] [main/INFO] [mixin/]: SpongePowered MIXIN Subsystem Version=0.8.5 Source=union:/C:/Users/admin/.gradle/caches/modules-2/files-2.1/org.spongepowered/mixin/0.8.5/9d1c0c3a304ae6697ecd477218fa61b850bf57fc/mixin-0.8.5.jar%2327! Service=ModLauncher Env=CLIENT
[13Jan2022 10:39:36.929] [main/INFO] [cpw.mods.modlauncher.LaunchServiceHandler/MODLAUNCHER]: Launching target 'forgeclientuserdev' with arguments [--version, MOD_DEV, --gameDir, ., --assetsDir, C:\Users\admin\.gradle\caches\forge_gradle\assets, --assetIndex, 1.18]
[10:39:41] [Render thread/WARN]: Assets URL 'union:/C:/Users/admin/.gradle/caches/forge_gradle/minecraft_user_repo/net/minecraftforge/forge/1.18.1-39.0.19_mapped_official_1.18.1/forge-1.18.1-39.0.19_mapped_official_1.18.1-recomp.jar%2377!/assets/.mcassetsroot' uses unexpected schema
[10:39:41] [Render thread/WARN]: Assets URL 'union:/C:/Users/admin/.gradle/caches/forge_gradle/minecraft_user_repo/net/minecraftforge/forge/1.18.1-39.0.19_mapped_official_1.18.1/forge-1.18.1-39.0.19_mapped_official_1.18.1-recomp.jar%2377!/data/.mcassetsroot' uses unexpected schema
[13Jan2022 10:39:42.009] [Render thread/INFO] [com.mojang.authlib.yggdrasil.YggdrasilAuthenticationService/]: Environment: authHost='https://authserver.mojang.com', accountsHost='https://api.mojang.com', sessionHost='https://sessionserver.mojang.com', servicesHost='https://api.minecraftservices.com', name='PROD'
[10:39:42] [Render thread/INFO]: Setting user: Dev
[10:39:42] [Render thread/INFO]: Backend library: LWJGL version 3.2.2 SNAPSHOT
[10:39:43] [Render thread/ERROR]: Null comment for config option server, this is invalid and may be disallowed in the future.
[13Jan2022 10:39:46.214] [Render thread/FATAL] [net.minecraftforge.fml.ModLoader/CORE]: Failed to initialize mod containers
net.minecraftforge.fml.ModLoadingException: mods.toml missing metadata for modid attemptOne
	at net.minecraftforge.fml.ModLoader.lambda$buildModContainerFromTOML$29(ModLoader.java:267) ~[fmlcore-1.18.1-39.0.19.jar%2380!:?]
	at java.util.Optional.orElseThrow(Optional.java:403) ~[?:?]
	at net.minecraftforge.fml.ModLoader.buildModContainerFromTOML(ModLoader.java:267) ~[fmlcore-1.18.1-39.0.19.jar%2380!:?]
	at net.minecraftforge.fml.ModLoader.lambda$buildMods$26(ModLoader.java:247) ~[fmlcore-1.18.1-39.0.19.jar%2380!:?]
	at java.util.stream.ReferencePipeline$3$1.accept(ReferencePipeline.java:197) ~[?:?]
	at java.util.HashMap$EntrySpliterator.forEachRemaining(HashMap.java:1850) ~[?:?]
	at java.util.stream.AbstractPipeline.copyInto(AbstractPipeline.java:509) ~[?:?]
	at java.util.stream.AbstractPipeline.wrapAndCopyInto(AbstractPipeline.java:499) ~[?:?]
	at java.util.stream.ReduceOps$ReduceOp.evaluateSequential(ReduceOps.java:921) ~[?:?]
	at java.util.stream.AbstractPipeline.evaluate(AbstractPipeline.java:234) ~[?:?]
	at java.util.stream.ReferencePipeline.collect(ReferencePipeline.java:682) ~[?:?]
	at net.minecraftforge.fml.ModLoader.buildMods(ModLoader.java:249) ~[fmlcore-1.18.1-39.0.19.jar%2380!:?]
	at java.util.stream.ReferencePipeline$3$1.accept(ReferencePipeline.java:197) ~[?:?]
	at java.util.stream.ReferencePipeline$3$1.accept(ReferencePipeline.java:197) ~[?:?]
	at java.util.ArrayList$ArrayListSpliterator.forEachRemaining(ArrayList.java:1625) ~[?:?]
	at java.util.stream.AbstractPipeline.copyInto(AbstractPipeline.java:509) ~[?:?]
	at java.util.stream.AbstractPipeline.wrapAndCopyInto(AbstractPipeline.java:499) ~[?:?]
	at java.util.stream.AbstractPipeline.evaluate(AbstractPipeline.java:575) ~[?:?]
	at java.util.stream.AbstractPipeline.evaluateToArrayNode(AbstractPipeline.java:260) ~[?:?]
	at java.util.stream.ReferencePipeline.toArray(ReferencePipeline.java:616) ~[?:?]
	at java.util.stream.ReferencePipeline.toArray(ReferencePipeline.java:622) ~[?:?]
	at java.util.stream.ReferencePipeline.toList(ReferencePipeline.java:627) ~[?:?]
	at net.minecraftforge.fml.ModLoader.gatherAndInitializeMods(ModLoader.java:167) ~[fmlcore-1.18.1-39.0.19.jar%2380!:?]
	at net.minecraftforge.client.loading.ClientModLoader.lambda$begin$1(ClientModLoader.java:106) ~[forge-1.18.1-39.0.19_mapped_official_1.18.1-recomp.jar%2376%2382!:?]
	at net.minecraftforge.client.loading.ClientModLoader.lambda$createRunnableWithCatch$4(ClientModLoader.java:127) ~[forge-1.18.1-39.0.19_mapped_official_1.18.1-recomp.jar%2376%2382!:?]
	at net.minecraftforge.client.loading.ClientModLoader.begin(ClientModLoader.java:106) ~[forge-1.18.1-39.0.19_mapped_official_1.18.1-recomp.jar%2376%2382!:?]
	at net.minecraft.client.Minecraft.<init>(Minecraft.java:458) ~[forge-1.18.1-39.0.19_mapped_official_1.18.1-recomp.jar%2377!:?]
	at net.minecraft.client.main.Main.main(Main.java:169) ~[forge-1.18.1-39.0.19_mapped_official_1.18.1-recomp.jar%2377!:?]
	at jdk.internal.reflect.NativeMethodAccessorImpl.invoke0(Native Method) ~[?:?]
	at jdk.internal.reflect.NativeMethodAccessorImpl.invoke(NativeMethodAccessorImpl.java:77) ~[?:?]
	at jdk.internal.reflect.DelegatingMethodAccessorImpl.invoke(DelegatingMethodAccessorImpl.java:43) ~[?:?]
	at java.lang.reflect.Method.invoke(Method.java:568) ~[?:?]
	at net.minecraftforge.fml.loading.targets.ForgeClientUserdevLaunchHandler.lambda$launchService$0(ForgeClientUserdevLaunchHandler.java:38) ~[fmlloader-1.18.1-39.0.19.jar%230!:?]
	at cpw.mods.modlauncher.LaunchServiceHandlerDecorator.launch(LaunchServiceHandlerDecorator.java:37) [modlauncher-9.0.21.jar%2310!:?]
	at cpw.mods.modlauncher.LaunchServiceHandler.launch(LaunchServiceHandler.java:53) [modlauncher-9.0.21.jar%2310!:?]
	at cpw.mods.modlauncher.LaunchServiceHandler.launch(LaunchServiceHandler.java:71) [modlauncher-9.0.21.jar%2310!:?]
	at cpw.mods.modlauncher.Launcher.run(Launcher.java:106) [modlauncher-9.0.21.jar%2310!:?]
	at cpw.mods.modlauncher.Launcher.main(Launcher.java:77) [modlauncher-9.0.21.jar%2310!:?]
	at cpw.mods.modlauncher.BootstrapLaunchConsumer.accept(BootstrapLaunchConsumer.java:26) [modlauncher-9.0.21.jar%2310!:?]
	at cpw.mods.modlauncher.BootstrapLaunchConsumer.accept(BootstrapLaunchConsumer.java:23) [modlauncher-9.0.21.jar%2310!:?]
	at cpw.mods.bootstraplauncher.BootstrapLauncher.main(BootstrapLauncher.java:90) [bootstraplauncher-0.1.17.jar:?]
[13Jan2022 10:39:49.707] [Render thread/ERROR] [net.minecraftforge.fml.ModLoader/]: Cowardly refusing to send event net.minecraftforge.client.event.sound.SoundLoadEvent to a broken mod state
[13Jan2022 10:39:49.979] [Render thread/ERROR] [net.minecraftforge.fml.ModLoader/]: Cowardly refusing to send event net.minecraftforge.client.event.ColorHandlerEvent$Block to a broken mod state
[13Jan2022 10:39:49.984] [Render thread/ERROR] [net.minecraftforge.fml.ModLoader/]: Cowardly refusing to send event net.minecraftforge.client.event.ColorHandlerEvent$Item to a broken mod state
[13Jan2022 10:39:50.391] [Render thread/ERROR] [net.minecraftforge.fml.ModLoader/]: Cowardly refusing to send event net.minecraftforge.client.event.ParticleFactoryRegisterEvent to a broken mod state
[13Jan2022 10:39:50.417] [Render thread/INFO] [com.mojang.text2speech.NarratorWindows/]: Narrator library for x64 successfully loaded
[13Jan2022 10:39:50.436] [Render thread/ERROR] [net.minecraftforge.fml.ModLoader/]: Cowardly refusing to send event net.minecraftforge.client.event.RegisterClientReloadListenersEvent to a broken mod state
[13Jan2022 10:39:50.436] [Render thread/ERROR] [net.minecraftforge.fml.ModLoader/]: Cowardly refusing to send event net.minecraftforge.client.event.EntityRenderersEvent$RegisterLayerDefinitions to a broken mod state
[13Jan2022 10:39:50.436] [Render thread/ERROR] [net.minecraftforge.fml.ModLoader/]: Cowardly refusing to send event net.minecraftforge.client.event.EntityRenderersEvent$RegisterRenderers to a broken mod state
[10:39:50] [Render thread/INFO]: Reloading ResourceManager: Default
[13Jan2022 10:39:50.516] [Worker-Main-33/ERROR] [net.minecraftforge.fml.ModLoader/]: Cowardly refusing to send event net.minecraftforge.client.event.ModelRegistryEvent to a broken mod state
[13Jan2022 10:39:50.521] [Worker-Main-61/ERROR] [net.minecraftforge.fml.ModLoader/]: Cowardly refusing to send event net.minecraftforge.client.event.TextureStitchEvent$Pre to a broken mod state
[13Jan2022 10:39:50.521] [Worker-Main-44/ERROR] [net.minecraftforge.fml.ModLoader/]: Cowardly refusing to send event net.minecraftforge.client.event.TextureStitchEvent$Pre to a broken mod state
[13Jan2022 10:39:50.521] [Worker-Main-34/ERROR] [net.minecraftforge.fml.ModLoader/]: Cowardly refusing to send event net.minecraftforge.client.event.TextureStitchEvent$Pre to a broken mod state
[13Jan2022 10:39:54.486] [Worker-Main-33/ERROR] [net.minecraftforge.fml.ModLoader/]: Cowardly refusing to send event net.minecraftforge.client.event.TextureStitchEvent$Pre to a broken mod state
[13Jan2022 10:39:54.837] [Worker-Main-33/ERROR] [net.minecraftforge.fml.ModLoader/]: Cowardly refusing to send event net.minecraftforge.client.event.TextureStitchEvent$Pre to a broken mod state
[13Jan2022 10:39:54.842] [Worker-Main-33/ERROR] [net.minecraftforge.fml.ModLoader/]: Cowardly refusing to send event net.minecraftforge.client.event.TextureStitchEvent$Pre to a broken mod state
[13Jan2022 10:39:54.856] [Worker-Main-33/ERROR] [net.minecraftforge.fml.ModLoader/]: Cowardly refusing to send event net.minecraftforge.client.event.TextureStitchEvent$Pre to a broken mod state
[13Jan2022 10:39:54.872] [Worker-Main-33/ERROR] [net.minecraftforge.fml.ModLoader/]: Cowardly refusing to send event net.minecraftforge.client.event.TextureStitchEvent$Pre to a broken mod state
[13Jan2022 10:39:54.878] [Worker-Main-33/ERROR] [net.minecraftforge.fml.ModLoader/]: Cowardly refusing to send event net.minecraftforge.client.event.TextureStitchEvent$Pre to a broken mod state
[13Jan2022 10:39:54.885] [Worker-Main-33/ERROR] [net.minecraftforge.fml.ModLoader/]: Cowardly refusing to send event net.minecraftforge.client.event.TextureStitchEvent$Pre to a broken mod state
[10:39:55] [Render thread/INFO]: OpenAL initialized on device OpenAL Soft on Headphones (Logi Z407 Stereo)
[10:39:55] [Render thread/INFO]: Sound engine started
[10:39:55] [Render thread/INFO]: Created: 1024x512x4 minecraft:textures/atlas/blocks.png-atlas
[13Jan2022 10:39:55.731] [Render thread/ERROR] [net.minecraftforge.fml.ModLoader/]: Cowardly refusing to send event net.minecraftforge.client.event.TextureStitchEvent$Post to a broken mod state
[10:39:55] [Render thread/INFO]: Created: 256x128x4 minecraft:textures/atlas/signs.png-atlas
[13Jan2022 10:39:55.732] [Render thread/ERROR] [net.minecraftforge.fml.ModLoader/]: Cowardly refusing to send event net.minecraftforge.client.event.TextureStitchEvent$Post to a broken mod state
[10:39:55] [Render thread/INFO]: Created: 512x512x4 minecraft:textures/atlas/banner_patterns.png-atlas
[13Jan2022 10:39:55.735] [Render thread/ERROR] [net.minecraftforge.fml.ModLoader/]: Cowardly refusing to send event net.minecraftforge.client.event.TextureStitchEvent$Post to a broken mod state
[10:39:55] [Render thread/INFO]: Created: 512x512x4 minecraft:textures/atlas/shield_patterns.png-atlas
[13Jan2022 10:39:55.740] [Render thread/ERROR] [net.minecraftforge.fml.ModLoader/]: Cowardly refusing to send event net.minecraftforge.client.event.TextureStitchEvent$Post to a broken mod state
[10:39:55] [Render thread/INFO]: Created: 256x256x4 minecraft:textures/atlas/chest.png-atlas
[13Jan2022 10:39:55.742] [Render thread/ERROR] [net.minecraftforge.fml.ModLoader/]: Cowardly refusing to send event net.minecraftforge.client.event.TextureStitchEvent$Post to a broken mod state
[10:39:55] [Render thread/INFO]: Created: 512x256x4 minecraft:textures/atlas/beds.png-atlas
[13Jan2022 10:39:55.742] [Render thread/ERROR] [net.minecraftforge.fml.ModLoader/]: Cowardly refusing to send event net.minecraftforge.client.event.TextureStitchEvent$Post to a broken mod state
[10:39:55] [Render thread/INFO]: Created: 512x256x4 minecraft:textures/atlas/shulker_boxes.png-atlas
[13Jan2022 10:39:55.744] [Render thread/ERROR] [net.minecraftforge.fml.ModLoader/]: Cowardly refusing to send event net.minecraftforge.client.event.TextureStitchEvent$Post to a broken mod state
[13Jan2022 10:39:55.883] [Render thread/ERROR] [net.minecraftforge.fml.ModLoader/]: Cowardly refusing to send event net.minecraftforge.client.event.ModelBakeEvent to a broken mod state
[13Jan2022 10:39:56.046] [Render thread/ERROR] [net.minecraftforge.fml.ModLoader/]: Cowardly refusing to send event net.minecraftforge.client.event.EntityRenderersEvent$AddLayers to a broken mod state
[13Jan2022 10:39:56.309] [Render thread/ERROR] [net.minecraftforge.fml.ModLoader/]: Cowardly refusing to send event net.minecraftforge.client.event.RegisterShadersEvent to a broken mod state
[10:39:56] [Render thread/INFO]: Created: 256x256x0 minecraft:textures/atlas/particles.png-atlas
[13Jan2022 10:39:56.384] [Render thread/ERROR] [net.minecraftforge.fml.ModLoader/]: Cowardly refusing to send event net.minecraftforge.client.event.TextureStitchEvent$Post to a broken mod state
[10:39:56] [Render thread/INFO]: Created: 256x256x0 minecraft:textures/atlas/paintings.png-atlas
[13Jan2022 10:39:56.385] [Render thread/ERROR] [net.minecraftforge.fml.ModLoader/]: Cowardly refusing to send event net.minecraftforge.client.event.TextureStitchEvent$Post to a broken mod state
[10:39:56] [Render thread/INFO]: Created: 128x128x0 minecraft:textures/atlas/mob_effects.png-atlas
[13Jan2022 10:39:56.386] [Render thread/ERROR] [net.minecraftforge.fml.ModLoader/]: Cowardly refusing to send event net.minecraftforge.client.event.TextureStitchEvent$Post to a broken mod state
[10:39:56] [Render thread/FATAL]: Crash report saved to .\crash-reports\crash-2022-01-13_10.39.56-fml.txt
[10:40:13] [Render thread/INFO]: Stopping!
